<?xml version="1.0" encoding="UTF-8"?>
<!-- Generated by org.testng.reporters.JUnitReportReporter -->
<testsuite hostname="sunjian-HP" name="practicetwo.launch.TestBrowsers" tests="1" failures="0" timestamp="10 May 2014 13:09:24 GMT" time="17.863" errors="0">
  <testcase name="start" time="17.863" classname="practicetwo.launch.TestBrowsers"/>
</testsuite> <!-- practicetwo.launch.TestBrowsers -->
